
Running guppy basecalling

INFO:    Using cached SIF image
ONT Guppy basecalling software version 6.1.7+21b93d1a5, minimap2 version 2.22-r1101
config file:        /opt/ont/guppy/data/dna_r9.4.1_450bps_hac.cfg
model file:         /opt/ont/guppy/data/template_r9.4.1_450bps_hac.jsn
input path:         /NGS/scratch/KSCBIOM/HumanGenomics/guinea_pore_c/data
save path:          /NGS/scratch/KSCBIOM/HumanGenomics/guinea_pore_c/results/02_basecalling/basecalling/
chunk size:         2000
chunks per runner:  256
minimum qscore:     9
records per file:   4000
fastq compression:  ON
num basecallers:    4
gpu device:         auto
kernel path:        
runners per device: 4

Use of this software is permitted solely under the terms of the end user license agreement (EULA).By running, copying or accessing this software, you are demonstrating your acceptance of the EULA.
The EULA may be found in /opt/ont/guppy/bin
Found 454 fast5 files to process.
Init time: 3009 ms

0%   10   20   30   40   50   60   70   80   90   100%
|----|----|----|----|----|----|----|----|----|----|
***************************************************
Caller time: 33293822 ms, Samples called: 65364742600, samples/s: 1.96327e+06
Finishing up any open output files.
Basecalling completed successfully.
