[bwa_index] Pack FASTA... 20.57 sec
[bwa_index] Construct BWT for the packed sequence...
[BWTIncCreate] textLength=5446439282, availableWord=395231304
[BWTIncConstructFromPacked] 10 iterations done. 99999986 characters processed.
[BWTIncConstructFromPacked] 20 iterations done. 199999986 characters processed.
[BWTIncConstructFromPacked] 30 iterations done. 299999986 characters processed.
[BWTIncConstructFromPacked] 40 iterations done. 399999986 characters processed.
[BWTIncConstructFromPacked] 50 iterations done. 499999986 characters processed.
[BWTIncConstructFromPacked] 60 iterations done. 599999986 characters processed.
[BWTIncConstructFromPacked] 70 iterations done. 699999986 characters processed.
[BWTIncConstructFromPacked] 80 iterations done. 799999986 characters processed.
[BWTIncConstructFromPacked] 90 iterations done. 899999986 characters processed.
[BWTIncConstructFromPacked] 100 iterations done. 999999986 characters processed.
[BWTIncConstructFromPacked] 110 iterations done. 1099999986 characters processed.
[BWTIncConstructFromPacked] 120 iterations done. 1199999986 characters processed.
[BWTIncConstructFromPacked] 130 iterations done. 1299999986 characters processed.
[BWTIncConstructFromPacked] 140 iterations done. 1399999986 characters processed.
[BWTIncConstructFromPacked] 150 iterations done. 1499999986 characters processed.
[BWTIncConstructFromPacked] 160 iterations done. 1599999986 characters processed.
[BWTIncConstructFromPacked] 170 iterations done. 1699999986 characters processed.
[BWTIncConstructFromPacked] 180 iterations done. 1799999986 characters processed.
[BWTIncConstructFromPacked] 190 iterations done. 1899999986 characters processed.
[BWTIncConstructFromPacked] 200 iterations done. 1999999986 characters processed.
[BWTIncConstructFromPacked] 210 iterations done. 2099999986 characters processed.
[BWTIncConstructFromPacked] 220 iterations done. 2199999986 characters processed.
[BWTIncConstructFromPacked] 230 iterations done. 2299999986 characters processed.
[BWTIncConstructFromPacked] 240 iterations done. 2399999986 characters processed.
[BWTIncConstructFromPacked] 250 iterations done. 2499999986 characters processed.
[BWTIncConstructFromPacked] 260 iterations done. 2599999986 characters processed.
[BWTIncConstructFromPacked] 270 iterations done. 2699999986 characters processed.
[BWTIncConstructFromPacked] 280 iterations done. 2799999986 characters processed.
[BWTIncConstructFromPacked] 290 iterations done. 2899999986 characters processed.
[BWTIncConstructFromPacked] 300 iterations done. 2999999986 characters processed.
[BWTIncConstructFromPacked] 310 iterations done. 3099999986 characters processed.
[BWTIncConstructFromPacked] 320 iterations done. 3199999986 characters processed.
[BWTIncConstructFromPacked] 330 iterations done. 3299999986 characters processed.
[BWTIncConstructFromPacked] 340 iterations done. 3399999986 characters processed.
[BWTIncConstructFromPacked] 350 iterations done. 3499999986 characters processed.
[BWTIncConstructFromPacked] 360 iterations done. 3599999986 characters processed.
[BWTIncConstructFromPacked] 370 iterations done. 3699999986 characters processed.
[BWTIncConstructFromPacked] 380 iterations done. 3799999986 characters processed.
[BWTIncConstructFromPacked] 390 iterations done. 3899999986 characters processed.
[BWTIncConstructFromPacked] 400 iterations done. 3999999986 characters processed.
[BWTIncConstructFromPacked] 410 iterations done. 4099999986 characters processed.
[BWTIncConstructFromPacked] 420 iterations done. 4199999986 characters processed.
[BWTIncConstructFromPacked] 430 iterations done. 4299999986 characters processed.
[BWTIncConstructFromPacked] 440 iterations done. 4399999986 characters processed.
[BWTIncConstructFromPacked] 450 iterations done. 4499999986 characters processed.
[BWTIncConstructFromPacked] 460 iterations done. 4599999986 characters processed.
[BWTIncConstructFromPacked] 470 iterations done. 4699999986 characters processed.
[BWTIncConstructFromPacked] 480 iterations done. 4799510690 characters processed.
[BWTIncConstructFromPacked] 490 iterations done. 4890669362 characters processed.
[BWTIncConstructFromPacked] 500 iterations done. 4971687410 characters processed.
[BWTIncConstructFromPacked] 510 iterations done. 5043692466 characters processed.
[BWTIncConstructFromPacked] 520 iterations done. 5107686738 characters processed.
[BWTIncConstructFromPacked] 530 iterations done. 5164561010 characters processed.
[BWTIncConstructFromPacked] 540 iterations done. 5215107010 characters processed.
[BWTIncConstructFromPacked] 550 iterations done. 5260028370 characters processed.
[BWTIncConstructFromPacked] 560 iterations done. 5299950546 characters processed.
[BWTIncConstructFromPacked] 570 iterations done. 5335429458 characters processed.
[BWTIncConstructFromPacked] 580 iterations done. 5366959170 characters processed.
[BWTIncConstructFromPacked] 590 iterations done. 5394978850 characters processed.
[BWTIncConstructFromPacked] 600 iterations done. 5419878770 characters processed.
[BWTIncConstructFromPacked] 610 iterations done. 5442005826 characters processed.
[bwt_gen] Finished constructing BWT in 613 iterations.
[bwa_index] 2250.35 seconds elapse.
[bwa_index] Update BWT... 16.19 sec
[bwa_index] Pack forward-only FASTA... 12.02 sec
[bwa_index] Construct SA from BWT and Occ... 778.47 sec
[main] Version: 0.7.17-r1188
[main] CMD: bwa index results/refgenome/Cavpor3.0.rg.fa
[main] Real time: 3088.786 sec; CPU: 3077.612 sec
