--2022-08-23 12:09:11--  https://s3.amazonaws.com/hicfiles.tc4ga.com/public/juicer/juicer_tools_1.19.02.jar
Resolving proxyforservers.esr.cri.nz (proxyforservers.esr.cri.nz)... 202.50.149.178
Connecting to proxyforservers.esr.cri.nz (proxyforservers.esr.cri.nz)|202.50.149.178|:3128... connected.
Proxy request sent, awaiting response... 200 OK
Length: 36139200 (34M) [application/x-www-form-urlencoded]
Saving to: ‘STDOUT’

     0K .......... .......... .......... .......... ..........  0%  241K 2m26s
    50K .......... .......... .......... .......... ..........  0%  240K 2m26s
   100K .......... .......... .......... .......... ..........  0%  244K 2m26s
   150K .......... .......... .......... .......... ..........  0%  242K 2m25s
   200K .......... .......... .......... .......... ..........  0%  242K 2m25s
   250K .......... .......... .......... .......... ..........  0%  243K 2m25s
   300K .......... .......... .......... .......... ..........  0%  242K 2m25s
   350K .......... .......... .......... .......... ..........  1% 28.4M 2m6s
   400K .......... .......... .......... .......... ..........  1%  243K 2m8s
   450K .......... .......... .......... .......... ..........  1%  242K 2m10s
   500K .......... .......... .......... .......... ..........  1% 29.4M 1m58s
   550K .......... .......... .......... .......... ..........  1%  243K 2m0s
   600K .......... .......... .......... .......... ..........  1%  243K 2m1s
   650K .......... .......... .......... .......... ..........  1% 28.3M 1m53s
   700K .......... .......... .......... .......... ..........  2%  243K 1m54s
   750K .......... .......... .......... .......... ..........  2% 31.5M 1m47s
   800K .......... .......... .......... .......... ..........  2%  243K 1m49s
   850K .......... .......... .......... .......... ..........  2%  242K 1m51s
   900K .......... .......... .......... .......... ..........  2% 36.0M 1m45s
   950K .......... .......... .......... .......... ..........  2%  243K 1m46s
  1000K .......... .......... .......... .......... ..........  2% 36.6M 1m41s
  1050K .......... .......... .......... .......... ..........  3%  243K 1m43s
  1100K .......... .......... .......... .......... ..........  3% 41.5M 98s
  1150K .......... .......... .......... .......... ..........  3%  243K 1m40s
  1200K .......... .......... .......... .......... ..........  3% 40.1M 96s
  1250K .......... .......... .......... .......... ..........  3%  315K 96s
  1300K .......... .......... .......... .......... ..........  3% 1.03M 94s
  1350K .......... .......... .......... .......... ..........  3% 36.2M 90s
  1400K .......... .......... .......... .......... ..........  4%  243K 92s
  1450K .......... .......... .......... .......... ..........  4% 39.3M 89s
  1500K .......... .......... .......... .......... ..........  4%  315K 89s
  1550K .......... .......... .......... .......... ..........  4% 1.03M 87s
  1600K .......... .......... .......... .......... ..........  4% 30.8M 84s
  1650K .......... .......... .......... .......... ..........  4%  244K 86s
  1700K .......... .......... .......... .......... ..........  4% 39.2M 83s
  1750K .......... .......... .......... .......... ..........  5%  338K 84s
  1800K .......... .......... .......... .......... ..........  5%  859K 82s
  1850K .......... .......... .......... .......... ..........  5% 40.7M 80s
  1900K .......... .......... .......... .......... ..........  5%  244K 81s
  1950K .......... .......... .......... .......... ..........  5% 62.5M 79s
  2000K .......... .......... .......... .......... ..........  5% 41.2M 77s
  2050K .......... .......... .......... .......... ..........  5%  244K 78s
  2100K .......... .......... .......... .......... ..........  6% 42.1M 77s
  2150K .......... .......... .......... .......... ..........  6% 74.1M 75s
  2200K .......... .......... .......... .......... ..........  6%  339K 75s
  2250K .......... .......... .......... .......... ..........  6%  863K 74s
  2300K .......... .......... .......... .......... ..........  6% 39.0M 73s
  2350K .......... .......... .......... .......... ..........  6%  611K 72s
  2400K .......... .......... .......... .......... ..........  6%  404K 72s
  2450K .......... .......... .......... .......... ..........  7% 43.1M 71s
  2500K .......... .......... .......... .......... ..........  7% 47.7M 69s
  2550K .......... .......... .......... .......... ..........  7%  244K 70s
  2600K .......... .......... .......... .......... ..........  7% 66.1M 69s
  2650K .......... .......... .......... .......... ..........  7% 44.7M 67s
  2700K .......... .......... .......... .......... ..........  7%  316K 68s
  2750K .......... .......... .......... .......... ..........  7% 1.02M 67s
  2800K .......... .......... .......... .......... ..........  8% 45.9M 66s
  2850K .......... .......... .......... .......... ..........  8% 74.3M 65s
  2900K .......... .......... .......... .......... ..........  8%  244K 66s
  2950K .......... .......... .......... .......... ..........  8% 44.4M 65s
  3000K .......... .......... .......... .......... ..........  8%  109M 63s
  3050K .......... .......... .......... .......... ..........  8% 21.5M 62s
  3100K .......... .......... .......... .......... ..........  8%  317K 63s
  3150K .......... .......... .......... .......... ..........  9% 1.06M 62s
  3200K .......... .......... .......... .......... ..........  9% 48.4M 61s
  3250K .......... .......... .......... .......... ..........  9% 24.1M 60s
  3300K .......... .......... .......... .......... ..........  9%  319K 61s
  3350K .......... .......... .......... .......... ..........  9% 1.06M 60s
  3400K .......... .......... .......... .......... ..........  9% 60.8M 59s
  3450K .......... .......... .......... .......... ..........  9% 55.0M 58s
  3500K .......... .......... .......... .......... .......... 10%  342K 59s
  3550K .......... .......... .......... .......... .......... 10%  854K 58s
  3600K .......... .......... .......... .......... .......... 10% 46.4M 57s
  3650K .......... .......... .......... .......... .......... 10% 53.4M 57s
  3700K .......... .......... .......... .......... .......... 10% 1.26M 56s
  3750K .......... .......... .......... .......... .......... 10%  302K 57s
  3800K .......... .......... .......... .......... .......... 10% 44.0M 56s
  3850K .......... .......... .......... .......... .......... 11% 76.4M 55s
  3900K .......... .......... .......... .......... .......... 11% 53.0M 54s
  3950K .......... .......... .......... .......... .......... 11% 58.0M 53s
  4000K .......... .......... .......... .......... .......... 11%  246K 54s
  4050K .......... .......... .......... .......... .......... 11% 35.9M 54s
  4100K .......... .......... .......... .......... .......... 11% 60.5M 53s
  4150K .......... .......... .......... .......... .......... 11% 55.8M 52s
  4200K .......... .......... .......... .......... .......... 12% 1.27M 52s
  4250K .......... .......... .......... .......... .......... 12%  302K 52s
  4300K .......... .......... .......... .......... .......... 12% 39.5M 52s
  4350K .......... .......... .......... .......... .......... 12% 69.6M 51s
  4400K .......... .......... .......... .......... .......... 12% 54.8M 50s
  4450K .......... .......... .......... .......... .......... 12% 1.27M 50s
  4500K .......... .......... .......... .......... .......... 12%  313K 50s
  4550K .......... .......... .......... .......... .......... 13% 7.07M 50s
  4600K .......... .......... .......... .......... .......... 13% 57.4M 49s
  4650K .......... .......... .......... .......... .......... 13% 62.9M 49s
  4700K .......... .......... .......... .......... .......... 13% 79.6M 48s
  4750K .......... .......... .......... .......... .......... 13% 1.28M 48s
  4800K .......... .......... .......... .......... .......... 13%  302K 48s
  4850K .......... .......... .......... .......... .......... 13% 34.2M 47s
  4900K .......... .......... .......... .......... .......... 14% 56.0M 47s
  4950K .......... .......... .......... .......... .......... 14% 70.5M 46s
  5000K .......... .......... .......... .......... .......... 14% 49.3M 46s
  5050K .......... .......... .......... .......... .......... 14%  317K 46s
  5100K .......... .......... .......... .......... .......... 14% 1.07M 46s
  5150K .......... .......... .......... .......... .......... 14% 40.1M 46s
  5200K .......... .......... .......... .......... .......... 14% 65.9M 45s
  5250K .......... .......... .......... .......... .......... 15% 57.2M 45s
  5300K .......... .......... .......... .......... .......... 15% 57.0M 44s
  5350K .......... .......... .......... .......... .......... 15%  317K 44s
  5400K .......... .......... .......... .......... .......... 15% 1.07M 44s
  5450K .......... .......... .......... .......... .......... 15% 39.6M 44s
  5500K .......... .......... .......... .......... .......... 15% 75.3M 43s
  5550K .......... .......... .......... .......... .......... 15% 75.6M 43s
  5600K .......... .......... .......... .......... .......... 16% 58.5M 42s
  5650K .......... .......... .......... .......... .......... 16% 1.30M 42s
  5700K .......... .......... .......... .......... .......... 16%  414K 42s
  5750K .......... .......... .......... .......... .......... 16% 1.08M 42s
  5800K .......... .......... .......... .......... .......... 16% 52.8M 42s
  5850K .......... .......... .......... .......... .......... 16% 49.5M 41s
  5900K .......... .......... .......... .......... .......... 16% 59.4M 41s
  5950K .......... .......... .......... .......... .......... 17% 70.0M 40s
  6000K .......... .......... .......... .......... .......... 17%  644K 40s
  6050K .......... .......... .......... .......... .......... 17%  418K 41s
  6100K .......... .......... .......... .......... .......... 17% 7.58M 40s
  6150K .......... .......... .......... .......... .......... 17% 51.3M 40s
  6200K .......... .......... .......... .......... .......... 17% 56.5M 39s
  6250K .......... .......... .......... .......... .......... 17% 66.1M 39s
  6300K .......... .......... .......... .......... .......... 17% 66.7M 39s
  6350K .......... .......... .......... .......... .......... 18% 1.30M 38s
  6400K .......... .......... .......... .......... .......... 18%  415K 39s
  6450K .......... .......... .......... .......... .......... 18% 1.08M 38s
  6500K .......... .......... .......... .......... .......... 18% 48.1M 38s
  6550K .......... .......... .......... .......... .......... 18% 65.6M 38s
  6600K .......... .......... .......... .......... .......... 18% 56.2M 37s
  6650K .......... .......... .......... .......... .......... 18% 62.1M 37s
  6700K .......... .......... .......... .......... .......... 19% 68.4M 37s
  6750K .......... .......... .......... .......... .......... 19% 1.31M 37s
  6800K .......... .......... .......... .......... .......... 19%  415K 37s
  6850K .......... .......... .......... .......... .......... 19% 1.08M 37s
  6900K .......... .......... .......... .......... .......... 19% 48.9M 36s
  6950K .......... .......... .......... .......... .......... 19% 40.9M 36s
  7000K .......... .......... .......... .......... .......... 19% 46.9M 36s
  7050K .......... .......... .......... .......... .......... 20% 29.2M 35s
  7100K .......... .......... .......... .......... .......... 20% 77.0M 35s
  7150K .......... .......... .......... .......... .......... 20% 1.37M 35s
  7200K .......... .......... .......... .......... .......... 20%  414K 35s
  7250K .......... .......... .......... .......... .......... 20% 1.25M 35s
  7300K .......... .......... .......... .......... .......... 20% 7.74M 35s
  7350K .......... .......... .......... .......... .......... 20% 58.7M 34s
  7400K .......... .......... .......... .......... .......... 21% 46.1M 34s
  7450K .......... .......... .......... .......... .......... 21% 36.5M 34s
  7500K .......... .......... .......... .......... .......... 21% 55.8M 33s
  7550K .......... .......... .......... .......... .......... 21% 46.1M 33s
  7600K .......... .......... .......... .......... .......... 21% 1.37M 33s
  7650K .......... .......... .......... .......... .......... 21%  464K 33s
  7700K .......... .......... .......... .......... .......... 21%  958K 33s
  7750K .......... .......... .......... .......... .......... 22% 7.42M 33s
  7800K .......... .......... .......... .......... .......... 22% 41.3M 33s
  7850K .......... .......... .......... .......... .......... 22% 41.2M 32s
  7900K .......... .......... .......... .......... .......... 22% 48.2M 32s
  7950K .......... .......... .......... .......... .......... 22% 39.9M 32s
  8000K .......... .......... .......... .......... .......... 22% 45.7M 32s
  8050K .......... .......... .......... .......... .......... 22% 50.5M 31s
  8100K .......... .......... .......... .......... .......... 23%  637K 31s
  8150K .......... .......... .......... .......... .......... 23%  654K 31s
  8200K .......... .......... .......... .......... .......... 23% 1.09M 31s
  8250K .......... .......... .......... .......... .......... 23% 41.0M 31s
  8300K .......... .......... .......... .......... .......... 23% 61.1M 31s
  8350K .......... .......... .......... .......... .......... 23% 73.7M 30s
  8400K .......... .......... .......... .......... .......... 23% 36.5M 30s
  8450K .......... .......... .......... .......... .......... 24% 53.4M 30s
  8500K .......... .......... .......... .......... .......... 24% 24.1M 30s
  8550K .......... .......... .......... .......... .......... 24%  106M 30s
  8600K .......... .......... .......... .......... .......... 24%  638K 30s
  8650K .......... .......... .......... .......... .......... 24%  652K 30s
  8700K .......... .......... .......... .......... .......... 24% 1.10M 30s
  8750K .......... .......... .......... .......... .......... 24% 45.1M 29s
  8800K .......... .......... .......... .......... .......... 25% 58.1M 29s
  8850K .......... .......... .......... .......... .......... 25% 41.0M 29s
  8900K .......... .......... .......... .......... .......... 25% 49.0M 29s
  8950K .......... .......... .......... .......... .......... 25% 64.6M 28s
  9000K .......... .......... .......... .......... .......... 25% 47.8M 28s
  9050K .......... .......... .......... .......... .......... 25% 31.6M 28s
  9100K .......... .......... .......... .......... .......... 25% 7.00M 28s
  9150K .......... .......... .......... .......... .......... 26%  373K 28s
  9200K .......... .......... .......... .......... .......... 26%  954K 28s
  9250K .......... .......... .......... .......... .......... 26% 7.57M 28s
  9300K .......... .......... .......... .......... .......... 26% 48.0M 28s
  9350K .......... .......... .......... .......... .......... 26% 47.8M 27s
  9400K .......... .......... .......... .......... .......... 26% 62.4M 27s
  9450K .......... .......... .......... .......... .......... 26% 62.0M 27s
  9500K .......... .......... .......... .......... .......... 27% 43.5M 27s
  9550K .......... .......... .......... .......... .......... 27% 43.4M 27s
  9600K .......... .......... .......... .......... .......... 27% 34.6M 26s
  9650K .......... .......... .......... .......... .......... 27% 7.10M 26s
  9700K .......... .......... .......... .......... .......... 27%  374K 26s
  9750K .......... .......... .......... .......... .......... 27% 3.40M 26s
  9800K .......... .......... .......... .......... .......... 27% 1.10M 26s
  9850K .......... .......... .......... .......... .......... 28% 55.4M 26s
  9900K .......... .......... .......... .......... .......... 28% 36.1M 26s
  9950K .......... .......... .......... .......... .......... 28% 59.6M 26s
 10000K .......... .......... .......... .......... .......... 28% 46.8M 25s
 10050K .......... .......... .......... .......... .......... 28% 53.3M 25s
 10100K .......... .......... .......... .......... .......... 28% 51.7M 25s
 10150K .......... .......... .......... .......... .......... 28% 68.9M 25s
 10200K .......... .......... .......... .......... .......... 29% 50.7M 25s
 10250K .......... .......... .......... .......... .......... 29% 8.37M 25s
 10300K .......... .......... .......... .......... .......... 29%  506K 25s
 10350K .......... .......... .......... .......... .......... 29%  986K 25s
 10400K .......... .......... .......... .......... .......... 29% 1.23M 25s
 10450K .......... .......... .......... .......... .......... 29% 9.40M 24s
 10500K .......... .......... .......... .......... .......... 29% 26.7M 24s
 10550K .......... .......... .......... .......... .......... 30% 65.6M 24s
 10600K .......... .......... .......... .......... .......... 30% 70.5M 24s
 10650K .......... .......... .......... .......... .......... 30% 32.4M 24s
 10700K .......... .......... .......... .......... .......... 30% 59.1M 24s
 10750K .......... .......... .......... .......... .......... 30% 45.5M 23s
 10800K .......... .......... .......... .......... .......... 30% 56.3M 23s
 10850K .......... .......... .......... .......... .......... 30% 93.6M 23s
 10900K .......... .......... .......... .......... .......... 31% 1.50M 23s
 10950K .......... .......... .......... .......... .......... 31%  466K 23s
 11000K .......... .......... .......... .......... .......... 31% 3.39M 23s
 11050K .......... .......... .......... .......... .......... 31% 1.11M 23s
 11100K .......... .......... .......... .......... .......... 31% 42.9M 23s
 11150K .......... .......... .......... .......... .......... 31% 47.9M 23s
 11200K .......... .......... .......... .......... .......... 31% 50.0M 23s
 11250K .......... .......... .......... .......... .......... 32% 59.3M 22s
 11300K .......... .......... .......... .......... .......... 32% 60.3M 22s
 11350K .......... .......... .......... .......... .......... 32% 40.4M 22s
 11400K .......... .......... .......... .......... .......... 32% 63.2M 22s
 11450K .......... .......... .......... .......... .......... 32% 54.7M 22s
 11500K .......... .......... .......... .......... .......... 32% 55.3M 22s
 11550K .......... .......... .......... .......... .......... 32% 60.1M 22s
 11600K .......... .......... .......... .......... .......... 33%  652K 22s
 11650K .......... .......... .......... .......... .......... 33%  650K 22s
 11700K .......... .......... .......... .......... .......... 33% 1.24M 22s
 11750K .......... .......... .......... .......... .......... 33% 9.08M 21s
 11800K .......... .......... .......... .......... .......... 33% 55.1M 21s
 11850K .......... .......... .......... .......... .......... 33% 41.7M 21s
 11900K .......... .......... .......... .......... .......... 33% 63.8M 21s
 11950K .......... .......... .......... .......... .......... 34% 84.3M 21s
 12000K .......... .......... .......... .......... .......... 34% 52.5M 21s
 12050K .......... .......... .......... .......... .......... 34% 51.3M 21s
 12100K .......... .......... .......... .......... .......... 34% 51.6M 21s
 12150K .......... .......... .......... .......... .......... 34% 41.8M 20s
 12200K .......... .......... .......... .......... .......... 34% 83.2M 20s
 12250K .......... .......... .......... .......... .......... 34% 74.1M 20s
 12300K .......... .......... .......... .......... .......... 34%  653K 20s
 12350K .......... .......... .......... .......... .......... 35%  644K 20s
 12400K .......... .......... .......... .......... .......... 35% 1.24M 20s
 12450K .......... .......... .......... .......... .......... 35% 10.3M 20s
 12500K .......... .......... .......... .......... .......... 35% 27.7M 20s
 12550K .......... .......... .......... .......... .......... 35% 36.9M 20s
 12600K .......... .......... .......... .......... .......... 35% 43.9M 20s
 12650K .......... .......... .......... .......... .......... 35% 44.9M 20s
 12700K .......... .......... .......... .......... .......... 36% 42.8M 19s
 12750K .......... .......... .......... .......... .......... 36% 34.0M 19s
 12800K .......... .......... .......... .......... .......... 36% 50.5M 19s
 12850K .......... .......... .......... .......... .......... 36% 27.3M 19s
 12900K .......... .......... .......... .......... .......... 36% 44.7M 19s
 12950K .......... .......... .......... .......... .......... 36% 77.9M 19s
 13000K .......... .......... .......... .......... .......... 36% 32.0M 19s
 13050K .......... .......... .......... .......... .......... 37%  692K 19s
 13100K .......... .......... .......... .......... .......... 37%  646K 19s
 13150K .......... .......... .......... .......... .......... 37% 86.9M 19s
 13200K .......... .......... .......... .......... .......... 37% 1.13M 19s
 13250K .......... .......... .......... .......... .......... 37% 54.6M 18s
 13300K .......... .......... .......... .......... .......... 37% 27.7M 18s
 13350K .......... .......... .......... .......... .......... 37% 40.9M 18s
 13400K .......... .......... .......... .......... .......... 38% 44.6M 18s
 13450K .......... .......... .......... .......... .......... 38% 37.6M 18s
 13500K .......... .......... .......... .......... .......... 38% 33.6M 18s
 13550K .......... .......... .......... .......... .......... 38% 35.7M 18s
 13600K .......... .......... .......... .......... .......... 38% 93.4M 18s
 13650K .......... .......... .......... .......... .......... 38% 93.2M 18s
 13700K .......... .......... .......... .......... .......... 38% 26.1M 18s
 13750K .......... .......... .......... .......... .......... 39% 46.7M 17s
 13800K .......... .......... .......... .......... .......... 39% 1.75M 17s
 13850K .......... .......... .......... .......... .......... 39% 1.08M 17s
 13900K .......... .......... .......... .......... .......... 39%  643K 17s
 13950K .......... .......... .......... .......... .......... 39% 1.27M 17s
 14000K .......... .......... .......... .......... .......... 39% 9.96M 17s
 14050K .......... .......... .......... .......... .......... 39% 66.6M 17s
 14100K .......... .......... .......... .......... .......... 40% 29.6M 17s
 14150K .......... .......... .......... .......... .......... 40% 67.6M 17s
 14200K .......... .......... .......... .......... .......... 40% 31.8M 17s
 14250K .......... .......... .......... .......... .......... 40% 31.5M 17s
 14300K .......... .......... .......... .......... .......... 40% 69.6M 17s
 14350K .......... .......... .......... .......... .......... 40% 90.8M 17s
 14400K .......... .......... .......... .......... .......... 40% 34.7M 16s
 14450K .......... .......... .......... .......... .......... 41% 40.3M 16s
 14500K .......... .......... .......... .......... .......... 41% 45.4M 16s
 14550K .......... .......... .......... .......... .......... 41%  112M 16s
 14600K .......... .......... .......... .......... .......... 41% 25.4M 16s
 14650K .......... .......... .......... .......... .......... 41% 1.67M 16s
 14700K .......... .......... .......... .......... .......... 41%  460K 16s
 14750K .......... .......... .......... .......... .......... 41% 3.75M 16s
 14800K .......... .......... .......... .......... .......... 42% 1.27M 16s
 14850K .......... .......... .......... .......... .......... 42% 11.8M 16s
 14900K .......... .......... .......... .......... .......... 42% 36.5M 16s
 14950K .......... .......... .......... .......... .......... 42% 42.6M 16s
 15000K .......... .......... .......... .......... .......... 42% 53.2M 16s
 15050K .......... .......... .......... .......... .......... 42% 31.7M 16s
 15100K .......... .......... .......... .......... .......... 42% 46.2M 15s
 15150K .......... .......... .......... .......... .......... 43% 62.4M 15s
 15200K .......... .......... .......... .......... .......... 43% 48.3M 15s
 15250K .......... .......... .......... .......... .......... 43% 51.7M 15s
 15300K .......... .......... .......... .......... .......... 43% 42.7M 15s
 15350K .......... .......... .......... .......... .......... 43% 48.7M 15s
 15400K .......... .......... .......... .......... .......... 43% 90.4M 15s
 15450K .......... .......... .......... .......... .......... 43% 47.5M 15s
 15500K .......... .......... .......... .......... .......... 44% 36.9M 15s
 15550K .......... .......... .......... .......... .......... 44%  683K 15s
 15600K .......... .......... .......... .......... .......... 44%  766K 15s
 15650K .......... .......... .......... .......... .......... 44% 3.94M 15s
 15700K .......... .......... .......... .......... .......... 44% 1.26M 15s
 15750K .......... .......... .......... .......... .......... 44% 10.4M 15s
 15800K .......... .......... .......... .......... .......... 44% 94.3M 14s
 15850K .......... .......... .......... .......... .......... 45% 36.5M 14s
 15900K .......... .......... .......... .......... .......... 45% 77.6M 14s
 15950K .......... .......... .......... .......... .......... 45% 45.1M 14s
 16000K .......... .......... .......... .......... .......... 45% 52.0M 14s
 16050K .......... .......... .......... .......... .......... 45% 66.1M 14s
 16100K .......... .......... .......... .......... .......... 45% 44.9M 14s
 16150K .......... .......... .......... .......... .......... 45% 40.6M 14s
 16200K .......... .......... .......... .......... .......... 46% 31.4M 14s
 16250K .......... .......... .......... .......... .......... 46% 56.1M 14s
 16300K .......... .......... .......... .......... .......... 46% 33.4M 14s
 16350K .......... .......... .......... .......... .......... 46% 31.5M 14s
 16400K .......... .......... .......... .......... .......... 46% 37.1M 14s
 16450K .......... .......... .......... .......... .......... 46% 1.25M 13s
 16500K .......... .......... .......... .......... .......... 46%  507K 14s
 16550K .......... .......... .......... .......... .......... 47% 4.20M 13s
 16600K .......... .......... .......... .......... .......... 47% 1.30M 13s
 16650K .......... .......... .......... .......... .......... 47% 10.7M 13s
 16700K .......... .......... .......... .......... .......... 47% 24.2M 13s
 16750K .......... .......... .......... .......... .......... 47% 64.3M 13s
 16800K .......... .......... .......... .......... .......... 47%  106M 13s
 16850K .......... .......... .......... .......... .......... 47% 78.6M 13s
 16900K .......... .......... .......... .......... .......... 48% 34.6M 13s
 16950K .......... .......... .......... .......... .......... 48% 50.8M 13s
 17000K .......... .......... .......... .......... .......... 48% 89.2M 13s
 17050K .......... .......... .......... .......... .......... 48% 53.4M 13s
 17100K .......... .......... .......... .......... .......... 48% 45.1M 13s
 17150K .......... .......... .......... .......... .......... 48%  161M 13s
 17200K .......... .......... .......... .......... .......... 48% 30.9M 13s
 17250K .......... .......... .......... .......... .......... 49% 64.8M 12s
 17300K .......... .......... .......... .......... .......... 49%  123M 12s
 17350K .......... .......... .......... .......... .......... 49% 57.4M 12s
 17400K .......... .......... .......... .......... .......... 49% 9.59M 12s
 17450K .......... .......... .......... .......... .......... 49%  722K 12s
 17500K .......... .......... .......... .......... .......... 49%  754K 12s
 17550K .......... .......... .......... .......... .......... 49% 4.21M 12s
 17600K .......... .......... .......... .......... .......... 50% 1.27M 12s
 17650K .......... .......... .......... .......... .......... 50% 13.2M 12s
 17700K .......... .......... .......... .......... .......... 50% 20.2M 12s
 17750K .......... .......... .......... .......... .......... 50% 99.6M 12s
 17800K .......... .......... .......... .......... .......... 50% 72.7M 12s
 17850K .......... .......... .......... .......... .......... 50% 61.5M 12s
 17900K .......... .......... .......... .......... .......... 50% 33.8M 12s
 17950K .......... .......... .......... .......... .......... 51% 65.6M 12s
 18000K .......... .......... .......... .......... .......... 51% 56.6M 12s
 18050K .......... .......... .......... .......... .......... 51% 77.4M 12s
 18100K .......... .......... .......... .......... .......... 51%  111M 12s
 18150K .......... .......... .......... .......... .......... 51% 29.1M 11s
 18200K .......... .......... .......... .......... .......... 51%  107M 11s
 18250K .......... .......... .......... .......... .......... 51%  130M 11s
 18300K .......... .......... .......... .......... .......... 51% 69.2M 11s
 18350K .......... .......... .......... .......... .......... 52% 44.9M 11s
 18400K .......... .......... .......... .......... .......... 52% 55.7M 11s
 18450K .......... .......... .......... .......... .......... 52% 1.19M 11s
 18500K .......... .......... .......... .......... .......... 52%  511K 11s
 18550K .......... .......... .......... .......... .......... 52% 4.63M 11s
 18600K .......... .......... .......... .......... .......... 52% 60.8M 11s
 18650K .......... .......... .......... .......... .......... 52% 1.28M 11s
 18700K .......... .......... .......... .......... .......... 53% 8.40M 11s
 18750K .......... .......... .......... .......... .......... 53% 58.3M 11s
 18800K .......... .......... .......... .......... .......... 53%  111M 11s
 18850K .......... .......... .......... .......... .......... 53% 39.1M 11s
 18900K .......... .......... .......... .......... .......... 53% 46.3M 11s
 18950K .......... .......... .......... .......... .......... 53%  104M 11s
 19000K .......... .......... .......... .......... .......... 53%  100M 11s
 19050K .......... .......... .......... .......... .......... 54% 84.5M 11s
 19100K .......... .......... .......... .......... .......... 54%  102M 10s
 19150K .......... .......... .......... .......... .......... 54% 74.9M 10s
 19200K .......... .......... .......... .......... .......... 54% 62.8M 10s
 19250K .......... .......... .......... .......... .......... 54% 94.3M 10s
 19300K .......... .......... .......... .......... .......... 54% 26.1M 10s
 19350K .......... .......... .......... .......... .......... 54% 78.2M 10s
 19400K .......... .......... .......... .......... .......... 55% 89.7M 10s
 19450K .......... .......... .......... .......... .......... 55% 93.8M 10s
 19500K .......... .......... .......... .......... .......... 55% 9.89M 10s
 19550K .......... .......... .......... .......... .......... 55%  725K 10s
 19600K .......... .......... .......... .......... .......... 55%  751K 10s
 19650K .......... .......... .......... .......... .......... 55% 4.45M 10s
 19700K .......... .......... .......... .......... .......... 55% 1.29M 10s
 19750K .......... .......... .......... .......... .......... 56% 11.1M 10s
 19800K .......... .......... .......... .......... .......... 56% 19.7M 10s
 19850K .......... .......... .......... .......... .......... 56% 66.9M 10s
 19900K .......... .......... .......... .......... .......... 56% 62.0M 10s
 19950K .......... .......... .......... .......... .......... 56% 54.1M 10s
 20000K .......... .......... .......... .......... .......... 56% 52.2M 10s
 20050K .......... .......... .......... .......... .......... 56% 90.8M 10s
 20100K .......... .......... .......... .......... .......... 57% 55.3M 9s
 20150K .......... .......... .......... .......... .......... 57% 65.4M 9s
 20200K .......... .......... .......... .......... .......... 57% 87.0M 9s
 20250K .......... .......... .......... .......... .......... 57% 50.6M 9s
 20300K .......... .......... .......... .......... .......... 57% 30.4M 9s
 20350K .......... .......... .......... .......... .......... 57% 52.3M 9s
 20400K .......... .......... .......... .......... .......... 57% 61.8M 9s
 20450K .......... .......... .......... .......... .......... 58% 10.5K 13s
 20500K .......... .......... .......... .......... .......... 58% 7.31K 17s
 20550K .......... .......... .......... .......... .......... 58% 9.63K 21s
 20600K .......... .......... .......... .......... .......... 58% 16.1K 23s
 20650K .......... .......... .......... .......... .......... 58% 30.2K 24s
 20700K .......... .......... .......... .......... .......... 58% 29.6M 24s
 20750K .......... .......... .......... .......... .......... 58% 27.4M 24s
 20800K .......... .......... .......... .......... .......... 59% 87.7M 24s
 20850K .......... .......... .......... .......... .......... 59% 50.9M 24s
 20900K .......... .......... .......... .......... .......... 59% 56.6M 23s
 20950K .......... .......... .......... .......... .......... 59% 57.0M 23s
 21000K .......... .......... .......... .......... .......... 59% 64.7M 23s
 21050K .......... .......... .......... .......... .......... 59% 75.2M 23s
 21100K .......... .......... .......... .......... .......... 59%  104M 23s
 21150K .......... .......... .......... .......... .......... 60% 66.8M 23s
 21200K .......... .......... .......... .......... .......... 60%  102M 23s
 21250K .......... .......... .......... .......... .......... 60% 44.6M 22s
 21300K .......... .......... .......... .......... .......... 60% 39.0M 22s
 21350K .......... .......... .......... .......... .......... 60% 77.4M 22s
 21400K .......... .......... .......... .......... .......... 60% 98.0M 22s
 21450K .......... .......... .......... .......... .......... 60% 84.3M 22s
 21500K .......... .......... .......... .......... .......... 61% 84.1M 22s
 21550K .......... .......... .......... .......... .......... 61% 90.2M 22s
 21600K .......... .......... .......... .......... .......... 61%  107M 22s
 21650K .......... .......... .......... .......... .......... 61% 85.3M 21s
 21700K .......... .......... .......... .......... .......... 61% 83.5M 21s
 21750K .......... .......... .......... .......... .......... 61% 91.4M 21s
 21800K .......... .......... .......... .......... .......... 61% 96.8M 21s
 21850K .......... .......... .......... .......... .......... 62%  115M 21s
 21900K .......... .......... .......... .......... .......... 62% 43.5M 21s
 21950K .......... .......... .......... .......... .......... 62% 61.2M 21s
 22000K .......... .......... .......... .......... .......... 62% 95.8M 21s
 22050K .......... .......... .......... .......... .......... 62% 77.8M 20s
 22100K .......... .......... .......... .......... .......... 62% 69.1M 20s
 22150K .......... .......... .......... .......... .......... 62% 41.7M 20s
 22200K .......... .......... .......... .......... .......... 63%  106M 20s
 22250K .......... .......... .......... .......... .......... 63% 67.6M 20s
 22300K .......... .......... .......... .......... .......... 63% 45.6M 20s
 22350K .......... .......... .......... .......... .......... 63% 69.6M 20s
 22400K .......... .......... .......... .......... .......... 63% 49.3M 20s
 22450K .......... .......... .......... .......... .......... 63%  117M 19s
 22500K .......... .......... .......... .......... .......... 63% 46.9M 19s
 22550K .......... .......... .......... .......... .......... 64% 46.9M 19s
 22600K .......... .......... .......... .......... .......... 64% 60.6M 19s
 22650K .......... .......... .......... .......... .......... 64% 69.6M 19s
 22700K .......... .......... .......... .......... .......... 64% 71.4M 19s
 22750K .......... .......... .......... .......... .......... 64% 41.8M 19s
 22800K .......... .......... .......... .......... .......... 64% 93.9M 19s
 22850K .......... .......... .......... .......... .......... 64% 92.1M 19s
 22900K .......... .......... .......... .......... .......... 65% 36.1M 18s
 22950K .......... .......... .......... .......... .......... 65% 91.9M 18s
 23000K .......... .......... .......... .......... .......... 65% 88.7M 18s
 23050K .......... .......... .......... .......... .......... 65% 73.1M 18s
 23100K .......... .......... .......... .......... .......... 65% 40.0M 18s
 23150K .......... .......... .......... .......... .......... 65% 63.3M 18s
 23200K .......... .......... .......... .......... .......... 65% 72.0M 18s
 23250K .......... .......... .......... .......... .......... 66% 60.4M 18s
 23300K .......... .......... .......... .......... .......... 66% 48.0M 18s
 23350K .......... .......... .......... .......... .......... 66% 69.7M 17s
 23400K .......... .......... .......... .......... .......... 66% 59.8M 17s
 23450K .......... .......... .......... .......... .......... 66% 57.9M 17s
 23500K .......... .......... .......... .......... .......... 66%  307K 17s
 23550K .......... .......... .......... .......... .......... 66% 38.3M 17s
 23600K .......... .......... .......... .......... .......... 67% 53.8M 17s
 23650K .......... .......... .......... .......... .......... 67% 51.6M 17s
 23700K .......... .......... .......... .......... .......... 67% 61.5M 17s
 23750K .......... .......... .......... .......... .......... 67%  113M 17s
 23800K .......... .......... .......... .......... .......... 67% 93.4M 17s
 23850K .......... .......... .......... .......... .......... 67%  104M 16s
 23900K .......... .......... .......... .......... .......... 67% 85.9M 16s
 23950K .......... .......... .......... .......... .......... 68% 71.9M 16s
 24000K .......... .......... .......... .......... .......... 68% 30.4M 16s
 24050K .......... .......... .......... .......... .......... 68% 44.9M 16s
 24100K .......... .......... .......... .......... .......... 68% 22.1M 16s
 24150K .......... .......... .......... .......... .......... 68% 50.3M 16s
 24200K .......... .......... .......... .......... .......... 68% 50.8M 16s
 24250K .......... .......... .......... .......... .......... 68%  105M 16s
 24300K .......... .......... .......... .......... .......... 68%  259K 16s
 24350K .......... .......... .......... .......... .......... 69% 64.0M 15s
 24400K .......... .......... .......... .......... .......... 69% 42.1M 15s
 24450K .......... .......... .......... .......... .......... 69% 59.3M 15s
 24500K .......... .......... .......... .......... .......... 69% 55.9M 15s
 24550K .......... .......... .......... .......... .......... 69% 84.2M 15s
 24600K .......... .......... .......... .......... .......... 69% 96.6M 15s
 24650K .......... .......... .......... .......... .......... 69% 70.7M 15s
 24700K .......... .......... .......... .......... .......... 70%  109M 15s
 24750K .......... .......... .......... .......... .......... 70% 86.5M 15s
 24800K .......... .......... .......... .......... .......... 70% 87.3M 15s
 24850K .......... .......... .......... .......... .......... 70%  118M 14s
 24900K .......... .......... .......... .......... .......... 70% 74.3M 14s
 24950K .......... .......... .......... .......... .......... 70% 98.8M 14s
 25000K .......... .......... .......... .......... .......... 70% 92.1M 14s
 25050K .......... .......... .......... .......... .......... 71% 83.2M 14s
 25100K .......... .......... .......... .......... .......... 71% 87.2M 14s
 25150K .......... .......... .......... .......... .......... 71% 85.9M 14s
 25200K .......... .......... .......... .......... .......... 71%  254K 14s
 25250K .......... .......... .......... .......... .......... 71% 46.2M 14s
 25300K .......... .......... .......... .......... .......... 71% 50.7M 14s
 25350K .......... .......... .......... .......... .......... 71% 53.8M 14s
 25400K .......... .......... .......... .......... .......... 72% 68.2M 13s
 25450K .......... .......... .......... .......... .......... 72% 91.3M 13s
 25500K .......... .......... .......... .......... .......... 72% 71.3M 13s
 25550K .......... .......... .......... .......... .......... 72%  107M 13s
 25600K .......... .......... .......... .......... .......... 72% 83.6M 13s
 25650K .......... .......... .......... .......... .......... 72% 60.5M 13s
 25700K .......... .......... .......... .......... .......... 72% 59.1M 13s
 25750K .......... .......... .......... .......... .......... 73% 85.3M 13s
 25800K .......... .......... .......... .......... .......... 73% 78.5M 13s
 25850K .......... .......... .......... .......... .......... 73% 78.1M 13s
 25900K .......... .......... .......... .......... .......... 73% 71.7M 13s
 25950K .......... .......... .......... .......... .......... 73% 85.7M 12s
 26000K .......... .......... .......... .......... .......... 73% 63.9M 12s
 26050K .......... .......... .......... .......... .......... 73%  257K 12s
 26100K .......... .......... .......... .......... .......... 74% 45.4M 12s
 26150K .......... .......... .......... .......... .......... 74% 57.1M 12s
 26200K .......... .......... .......... .......... .......... 74% 38.4M 12s
 26250K .......... .......... .......... .......... .......... 74% 85.5M 12s
 26300K .......... .......... .......... .......... .......... 74% 73.2M 12s
 26350K .......... .......... .......... .......... .......... 74% 90.7M 12s
 26400K .......... .......... .......... .......... .......... 74% 69.8M 12s
 26450K .......... .......... .......... .......... .......... 75% 81.7M 12s
 26500K .......... .......... .......... .......... .......... 75% 54.5M 12s
 26550K .......... .......... .......... .......... .......... 75% 66.5M 11s
 26600K .......... .......... .......... .......... .......... 75%  122M 11s
 26650K .......... .......... .......... .......... .......... 75% 81.2M 11s
 26700K .......... .......... .......... .......... .......... 75% 92.1M 11s
 26750K .......... .......... .......... .......... .......... 75% 61.1M 11s
 26800K .......... .......... .......... .......... .......... 76%  103M 11s
 26850K .......... .......... .......... .......... .......... 76% 72.3M 11s
 26900K .......... .......... .......... .......... .......... 76% 71.3M 11s
 26950K .......... .......... .......... .......... .......... 76%  257K 11s
 27000K .......... .......... .......... .......... .......... 76% 66.1M 11s
 27050K .......... .......... .......... .......... .......... 76% 44.0M 11s
 27100K .......... .......... .......... .......... .......... 76% 43.6M 11s
 27150K .......... .......... .......... .......... .......... 77% 56.2M 10s
 27200K .......... .......... .......... .......... .......... 77% 90.9M 10s
 27250K .......... .......... .......... .......... .......... 77%  107M 10s
 27300K .......... .......... .......... .......... .......... 77% 55.5M 10s
 27350K .......... .......... .......... .......... .......... 77% 94.1M 10s
 27400K .......... .......... .......... .......... .......... 77% 84.8M 10s
 27450K .......... .......... .......... .......... .......... 77% 57.4M 10s
 27500K .......... .......... .......... .......... .......... 78% 83.5M 10s
 27550K .......... .......... .......... .......... .......... 78% 83.4M 10s
 27600K .......... .......... .......... .......... .......... 78% 92.2M 10s
 27650K .......... .......... .......... .......... .......... 78% 64.8M 10s
 27700K .......... .......... .......... .......... .......... 78% 76.4M 10s
 27750K .......... .......... .......... .......... .......... 78% 80.1M 9s
 27800K .......... .......... .......... .......... .......... 78% 84.1M 9s
 27850K .......... .......... .......... .......... .......... 79%  108M 9s
 27900K .......... .......... .......... .......... .......... 79%  257K 9s
 27950K .......... .......... .......... .......... .......... 79% 43.1M 9s
 28000K .......... .......... .......... .......... .......... 79% 58.2M 9s
 28050K .......... .......... .......... .......... .......... 79% 42.6M 9s
 28100K .......... .......... .......... .......... .......... 79% 33.1M 9s
 28150K .......... .......... .......... .......... .......... 79%  103M 9s
 28200K .......... .......... .......... .......... .......... 80% 98.8M 9s
 28250K .......... .......... .......... .......... .......... 80% 98.4M 9s
 28300K .......... .......... .......... .......... .......... 80% 85.0M 9s
 28350K .......... .......... .......... .......... .......... 80% 47.2M 9s
 28400K .......... .......... .......... .......... .......... 80%  116M 9s
 28450K .......... .......... .......... .......... .......... 80% 98.5M 8s
 28500K .......... .......... .......... .......... .......... 80% 64.9M 8s
 28550K .......... .......... .......... .......... .......... 81% 86.3M 8s
 28600K .......... .......... .......... .......... .......... 81%  107M 8s
 28650K .......... .......... .......... .......... .......... 81% 82.6M 8s
 28700K .......... .......... .......... .......... .......... 81% 32.2M 8s
 28750K .......... .......... .......... .......... .......... 81% 43.4M 8s
 28800K .......... .......... .......... .......... .......... 81% 55.6M 8s
 28850K .......... .......... .......... .......... .......... 81%  259K 8s
 28900K .......... .......... .......... .......... .......... 82% 36.9M 8s
 28950K .......... .......... .......... .......... .......... 82% 56.4M 8s
 29000K .......... .......... .......... .......... .......... 82% 50.2M 8s
 29050K .......... .......... .......... .......... .......... 82% 45.0M 8s
 29100K .......... .......... .......... .......... .......... 82% 74.1M 8s
 29150K .......... .......... .......... .......... .......... 82% 69.8M 7s
 29200K .......... .......... .......... .......... .......... 82% 82.0M 7s
 29250K .......... .......... .......... .......... .......... 83% 89.9M 7s
 29300K .......... .......... .......... .......... .......... 83% 34.7M 7s
 29350K .......... .......... .......... .......... .......... 83% 69.9M 7s
 29400K .......... .......... .......... .......... .......... 83% 70.7M 7s
 29450K .......... .......... .......... .......... .......... 83% 88.8M 7s
 29500K .......... .......... .......... .......... .......... 83% 89.5M 7s
 29550K .......... .......... .......... .......... .......... 83% 99.5M 7s
 29600K .......... .......... .......... .......... .......... 84% 66.3M 7s
 29650K .......... .......... .......... .......... .......... 84% 37.6M 7s
 29700K .......... .......... .......... .......... .......... 84% 41.1M 7s
 29750K .......... .......... .......... .......... .......... 84% 83.0M 7s
 29800K .......... .......... .......... .......... .......... 84%  261K 7s
 29850K .......... .......... .......... .......... .......... 84% 46.1M 6s
 29900K .......... .......... .......... .......... .......... 84% 52.0M 6s
 29950K .......... .......... .......... .......... .......... 85% 54.4M 6s
 30000K .......... .......... .......... .......... .......... 85% 41.2M 6s
 30050K .......... .......... .......... .......... .......... 85% 30.0M 6s
 30100K .......... .......... .......... .......... .......... 85% 39.6M 6s
 30150K .......... .......... .......... .......... .......... 85% 57.6M 6s
 30200K .......... .......... .......... .......... .......... 85% 53.5M 6s
 30250K .......... .......... .......... .......... .......... 85% 55.5M 6s
 30300K .......... .......... .......... .......... .......... 85% 21.1M 6s
 30350K .......... .......... .......... .......... .......... 86% 48.8M 6s
 30400K .......... .......... .......... .......... .......... 86% 58.3M 6s
 30450K .......... .......... .......... .......... .......... 86% 72.8M 6s
 30500K .......... .......... .......... .......... .......... 86% 67.8M 6s
 30550K .......... .......... .......... .......... .......... 86% 70.4M 5s
 30600K .......... .......... .......... .......... .......... 86% 61.3M 5s
 30650K .......... .......... .......... .......... .......... 86% 23.4M 5s
 30700K .......... .......... .......... .......... .......... 87% 66.9M 5s
 30750K .......... .......... .......... .......... .......... 87% 57.3M 5s
 30800K .......... .......... .......... .......... .......... 87%  267K 5s
 30850K .......... .......... .......... .......... .......... 87% 39.4M 5s
 30900K .......... .......... .......... .......... .......... 87% 63.7M 5s
 30950K .......... .......... .......... .......... .......... 87% 50.4M 5s
 31000K .......... .......... .......... .......... .......... 87% 34.9M 5s
 31050K .......... .......... .......... .......... .......... 88% 46.3M 5s
 31100K .......... .......... .......... .......... .......... 88% 34.9M 5s
 31150K .......... .......... .......... .......... .......... 88% 62.8M 5s
 31200K .......... .......... .......... .......... .......... 88% 60.4M 5s
 31250K .......... .......... .......... .......... .......... 88% 63.3M 5s
 31300K .......... .......... .......... .......... .......... 88% 22.8M 5s
 31350K .......... .......... .......... .......... .......... 88% 37.2M 4s
 31400K .......... .......... .......... .......... .......... 89% 53.0M 4s
 31450K .......... .......... .......... .......... .......... 89% 41.7M 4s
 31500K .......... .......... .......... .......... .......... 89% 71.6M 4s
 31550K .......... .......... .......... .......... .......... 89% 35.4M 4s
 31600K .......... .......... .......... .......... .......... 89% 32.4M 4s
 31650K .......... .......... .......... .......... .......... 89% 55.3M 4s
 31700K .......... .......... .......... .......... .......... 89% 35.4M 4s
 31750K .......... .......... .......... .......... .......... 90% 79.4M 4s
 31800K .......... .......... .......... .......... .......... 90%  269K 4s
 31850K .......... .......... .......... .......... .......... 90% 51.6M 4s
 31900K .......... .......... .......... .......... .......... 90% 68.6M 4s
 31950K .......... .......... .......... .......... .......... 90% 58.3M 4s
 32000K .......... .......... .......... .......... .......... 90% 35.3M 4s
 32050K .......... .......... .......... .......... .......... 90% 30.4M 4s
 32100K .......... .......... .......... .......... .......... 91% 38.4M 4s
 32150K .......... .......... .......... .......... .......... 91% 41.3M 3s
 32200K .......... .......... .......... .......... .......... 91% 89.9M 3s
 32250K .......... .......... .......... .......... .......... 91% 62.7M 3s
 32300K .......... .......... .......... .......... .......... 91% 24.8M 3s
 32350K .......... .......... .......... .......... .......... 91% 56.6M 3s
 32400K .......... .......... .......... .......... .......... 91% 47.2M 3s
 32450K .......... .......... .......... .......... .......... 92% 46.9M 3s
 32500K .......... .......... .......... .......... .......... 92% 35.8M 3s
 32550K .......... .......... .......... .......... .......... 92% 68.7M 3s
 32600K .......... .......... .......... .......... .......... 92% 28.4M 3s
 32650K .......... .......... .......... .......... .......... 92% 55.5M 3s
 32700K .......... .......... .......... .......... .......... 92% 46.1M 3s
 32750K .......... .......... .......... .......... .......... 92% 49.0M 3s
 32800K .......... .......... .......... .......... .......... 93%  270K 3s
 32850K .......... .......... .......... .......... .......... 93% 25.0M 3s
 32900K .......... .......... .......... .......... .......... 93% 65.7M 3s
 32950K .......... .......... .......... .......... .......... 93%  111M 3s
 33000K .......... .......... .......... .......... .......... 93% 58.0M 2s
 33050K .......... .......... .......... .......... .......... 93% 27.1M 2s
 33100K .......... .......... .......... .......... .......... 93% 48.9M 2s
 33150K .......... .......... .......... .......... .......... 94% 46.5M 2s
 33200K .......... .......... .......... .......... .......... 94% 54.6M 2s
 33250K .......... .......... .......... .......... .......... 94% 69.1M 2s
 33300K .......... .......... .......... .......... .......... 94% 27.0M 2s
 33350K .......... .......... .......... .......... .......... 94% 27.6M 2s
 33400K .......... .......... .......... .......... .......... 94% 51.8M 2s
 33450K .......... .......... .......... .......... .......... 94% 79.2M 2s
 33500K .......... .......... .......... .......... .......... 95% 60.3M 2s
 33550K .......... .......... .......... .......... .......... 95% 32.2M 2s
 33600K .......... .......... .......... .......... .......... 95% 49.0M 2s
 33650K .......... .......... .......... .......... .......... 95% 30.7M 2s
 33700K .......... .......... .......... .......... .......... 95% 25.9M 2s
 33750K .......... .......... .......... .......... .......... 95% 47.5M 2s
 33800K .......... .......... .......... .......... .......... 95% 65.5M 2s
 33850K .......... .......... .......... .......... .......... 96%  270K 2s
 33900K .......... .......... .......... .......... .......... 96% 40.3M 1s
 33950K .......... .......... .......... .......... .......... 96% 82.6M 1s
 34000K .......... .......... .......... .......... .......... 96% 70.4M 1s
 34050K .......... .......... .......... .......... .......... 96% 57.5M 1s
 34100K .......... .......... .......... .......... .......... 96% 32.5M 1s
 34150K .......... .......... .......... .......... .......... 96% 58.9M 1s
 34200K .......... .......... .......... .......... .......... 97% 33.1M 1s
 34250K .......... .......... .......... .......... .......... 97% 91.4M 1s
 34300K .......... .......... .......... .......... .......... 97% 54.0M 1s
 34350K .......... .......... .......... .......... .......... 97% 28.0M 1s
 34400K .......... .......... .......... .......... .......... 97% 37.6M 1s
 34450K .......... .......... .......... .......... .......... 97% 40.5M 1s
 34500K .......... .......... .......... .......... .......... 97% 45.2M 1s
 34550K .......... .......... .......... .......... .......... 98% 42.2M 1s
 34600K .......... .......... .......... .......... .......... 98% 30.5M 1s
 34650K .......... .......... .......... .......... .......... 98% 29.8M 1s
 34700K .......... .......... .......... .......... .......... 98% 21.7M 1s
 34750K .......... .......... .......... .......... .......... 98% 42.9M 1s
 34800K .......... .......... .......... .......... .......... 98% 52.1M 0s
 34850K .......... .......... .......... .......... .......... 98% 30.0M 0s
 34900K .......... .......... .......... .......... .......... 99%  273K 0s
 34950K .......... .......... .......... .......... .......... 99% 56.0M 0s
 35000K .......... .......... .......... .......... .......... 99% 47.1M 0s
 35050K .......... .......... .......... .......... .......... 99% 97.1M 0s
 35100K .......... .......... .......... .......... .......... 99% 57.6M 0s
 35150K .......... .......... .......... .......... .......... 99% 43.8M 0s
 35200K .......... .......... .......... .......... .......... 99% 46.7M 0s
 35250K .......... .......... .......... .......... ..        100% 55.4M=37s

2022-08-23 12:09:49 (957 KB/s) - written to stdout [36139200/36139200]

